# JRE version: Java(TM) SE Runtime Environment 18.9 (11.0.12+8) (build 11.0.12+8-LTS-237)
# Java VM: Java HotSpot(TM) 64-Bit Server VM 18.9 (11.0.12+8-LTS-237, mixed mode, tiered, compressed oops, g1 gc, windows-amd64)
Heap:
 garbage-first heap   total 165888K, used 27648K [0x0000000085800000, 0x0000000100000000)
  region size 1024K, 10 young (10240K), 10 survivors (10240K)
 Metaspace       used 31251K, capacity 31983K, committed 32176K, reserved 1077248K
  class space    used 3343K, capacity 3582K, committed 3584K, reserved 1048576K
GC Heap History (9 events):
Event: 0.630 GC heap before
{Heap before GC invocations=0 (full 0):
 garbage-first heap   total 126976K, used 23552K [0x0000000085800000, 0x0000000100000000)
  region size 1024K, 24 young (24576K), 0 survivors (0K)
 Metaspace       used 13038K, capacity 13299K, committed 13440K, reserved 1060864K
  class space    used 1315K, capacity 1390K, committed 1408K, reserved 1048576K
}
Event: 0.637 GC heap after
{Heap after GC invocations=1 (full 0):
 garbage-first heap   total 126976K, used 3560K [0x0000000085800000, 0x0000000100000000)
  region size 1024K, 3 young (3072K), 3 survivors (3072K)
 Metaspace       used 13038K, capacity 13299K, committed 13440K, reserved 1060864K
  class space    used 1315K, capacity 1390K, committed 1408K, reserved 1048576K
}
Event: 1.628 GC heap before
{Heap before GC invocations=1 (full 0):
 garbage-first heap   total 126976K, used 70120K [0x0000000085800000, 0x0000000100000000)
  region size 1024K, 69 young (70656K), 3 survivors (3072K)
 Metaspace       used 20665K, capacity 21117K, committed 21296K, reserved 1069056K
  class space    used 2211K, capacity 2359K, committed 2432K, reserved 1048576K
}
Event: 1.649 GC heap after
{Heap after GC invocations=2 (full 0):
 garbage-first heap   total 126976K, used 8502K [0x0000000085800000, 0x0000000100000000)
  region size 1024K, 8 young (8192K), 8 survivors (8192K)
 Metaspace       used 20665K, capacity 21117K, committed 21296K, reserved 1069056K
  class space    used 2211K, capacity 2359K, committed 2432K, reserved 1048576K
}
Event: 2.544 GC heap before
{Heap before GC invocations=3 (full 0):
 garbage-first heap   total 126976K, used 76086K [0x0000000085800000, 0x0000000100000000)
  region size 1024K, 74 young (75776K), 8 survivors (8192K)
 Metaspace       used 22089K, capacity 22616K, committed 22960K, reserved 1069056K
  class space    used 2315K, capacity 2472K, committed 2560K, reserved 1048576K
}
Event: 2.567 GC heap after
{Heap after GC invocations=4 (full 0):
 garbage-first heap   total 126976K, used 12657K [0x0000000085800000, 0x0000000100000000)
  region size 1024K, 9 young (9216K), 9 survivors (9216K)
 Metaspace       used 22089K, capacity 22616K, committed 22960K, reserved 1069056K
  class space    used 2315K, capacity 2472K, committed 2560K, reserved 1048576K
}
Event: 3.262 GC heap before
{Heap before GC invocations=4 (full 0):
 garbage-first heap   total 126976K, used 79217K [0x0000000085800000, 0x0000000100000000)
  region size 1024K, 74 young (75776K), 9 survivors (9216K)
 Metaspace       used 25145K, capacity 25749K, committed 25776K, reserved 1073152K
  class space    used 2628K, capacity 2798K, committed 2816K, reserved 1048576K
}
Event: 3.285 GC heap after
{Heap after GC invocations=5 (full 0):
 garbage-first heap   total 126976K, used 14336K [0x0000000085800000, 0x0000000100000000)
  region size 1024K, 6 young (6144K), 6 survivors (6144K)
 Metaspace       used 25145K, capacity 25749K, committed 25776K, reserved 1073152K
  class space    used 2628K, capacity 2798K, committed 2816K, reserved 1048576K
}
Event: 4.284 GC heap before
{Heap before GC invocations=5 (full 0):
 garbage-first heap   total 126976K, used 84992K [0x0000000085800000, 0x0000000100000000)
  region size 1024K, 74 young (75776K), 6 survivors (6144K)
 Metaspace       used 31251K, capacity 31983K, committed 32176K, reserved 1077248K
  class space    used 3343K, capacity 3582K, committed 3584K, reserved 1048576K
}

